TN:
SF:01-ratelimitter.js
FN:18,ratelimiter
FNF:1
FNH:1
FNDA:13,ratelimiter
DA:1,1
DA:2,1
DA:3,1
DA:4,1
DA:5,1
DA:6,1
DA:7,1
DA:8,1
DA:9,1
DA:10,1
DA:11,1
DA:12,1
DA:13,1
DA:14,1
DA:15,2
DA:16,1
DA:17,1
DA:18,13
DA:19,13
DA:20,13
DA:21,13
DA:22,13
DA:23,13
DA:24,2
DA:25,2
DA:26,13
DA:27,13
DA:28,13
DA:29,13
DA:30,13
DA:31,13
DA:32,7
DA:33,7
DA:34,6
DA:35,6
DA:36,6
DA:37,1
DA:38,1
DA:39,1
DA:40,1
DA:41,1
DA:42,6
DA:43,1
DA:44,1
DA:45,1
DA:46,0
DA:47,1
DA:48,1
DA:49,1
LF:49
LH:48
BRDA:14,0,0,2
BRDA:18,1,0,13
BRDA:23,2,0,2
BRDA:31,3,0,7
BRDA:33,4,0,6
BRDA:41,5,0,6
BRF:6
BRH:6
end_of_record
