{"/home/aditya/Workspace/assignments/npm-istanbul/calculator.test.js":{"path":"/home/aditya/Workspace/assignments/npm-istanbul/calculator.test.js","s":{"1":1,"2":1,"3":1,"4":1,"5":1,"6":1,"7":1,"8":1,"9":1,"10":1,"11":1,"12":1,"13":1,"14":1,"15":1},"b":{},"f":{},"fnMap":{},"statementMap":{"1":{"start":{"line":1,"column":0},"end":{"line":1,"column":33}},"2":{"start":{"line":2,"column":0},"end":{"line":2,"column":43}},"3":{"start":{"line":4,"column":0},"end":{"line":26,"column":3}},"4":{"start":{"line":5,"column":4},"end":{"line":5,"column":40}},"5":{"start":{"line":7,"column":4},"end":{"line":9,"column":7}},"6":{"start":{"line":8,"column":8},"end":{"line":8,"column":52}},"7":{"start":{"line":11,"column":4},"end":{"line":13,"column":7}},"8":{"start":{"line":12,"column":8},"end":{"line":12,"column":57}},"9":{"start":{"line":15,"column":4},"end":{"line":17,"column":7}},"10":{"start":{"line":16,"column":8},"end":{"line":16,"column":58}},"11":{"start":{"line":19,"column":4},"end":{"line":21,"column":7}},"12":{"start":{"line":20,"column":8},"end":{"line":20,"column":55}},"13":{"start":{"line":23,"column":4},"end":{"line":25,"column":7}},"14":{"start":{"line":24,"column":8},"end":{"line":24,"column":60}},"15":{"start":{"line":24,"column":28},"end":{"line":24,"column":51}}},"branchMap":{}},"/home/aditya/Workspace/assignments/npm-istanbul/calculator.js":{"path":"/home/aditya/Workspace/assignments/npm-istanbul/calculator.js","s":{"1":1,"2":1,"3":1,"4":2,"5":1,"6":1,"7":1},"b":{"1":[1,1]},"f":{"1":1,"2":1,"3":1,"4":2},"fnMap":{"1":{"name":"(anonymous_1)","line":2,"loc":{"start":{"line":2,"column":7},"end":{"line":2,"column":14}}},"2":{"name":"(anonymous_2)","line":6,"loc":{"start":{"line":6,"column":12},"end":{"line":6,"column":19}}},"3":{"name":"(anonymous_3)","line":10,"loc":{"start":{"line":10,"column":12},"end":{"line":10,"column":19}}},"4":{"name":"(anonymous_4)","line":14,"loc":{"start":{"line":14,"column":10},"end":{"line":14,"column":17}}}},"statementMap":{"1":{"start":{"line":3,"column":8},"end":{"line":3,"column":21}},"2":{"start":{"line":7,"column":8},"end":{"line":7,"column":21}},"3":{"start":{"line":11,"column":8},"end":{"line":11,"column":21}},"4":{"start":{"line":15,"column":8},"end":{"line":15,"column":57}},"5":{"start":{"line":15,"column":21},"end":{"line":15,"column":57}},"6":{"start":{"line":16,"column":8},"end":{"line":16,"column":21}},"7":{"start":{"line":20,"column":0},"end":{"line":20,"column":28}}},"branchMap":{"1":{"line":15,"type":"if","locations":[{"start":{"line":15,"column":8},"end":{"line":15,"column":8}},{"start":{"line":15,"column":8},"end":{"line":15,"column":8}}]}}}}